may 06, 2019 11:01:55 AM java.util.prefs.WindowsPreferences <init>
WARNING: Could not open/create prefs root node Software\JavaSoft\Prefs at root 0x80000002. Windows RegCreateKeyEx(...) returned error code 5.
may 06, 2019 11:14:53 AM controlador.ConexionBD obtenerConexionBD
INFO: Se realizó correctamente la conexión a base de datos.
may 06, 2019 11:14:53 AM controlador.LoginControlador login
INFO: El usuario admin inició sesión correctamente.
may 06, 2019 11:14:54 AM controlador.Navegador cambiarVista
INFO: El usuario admin cambió a la pestaña INICIO.
may 06, 2019 11:15:49 AM controlador.Navegador cambiarVista
INFO: El usuario admin cambió a la pestaña PROCESOS.
may 06, 2019 11:15:49 AM controlador.Navegador cambiarVista
INFO: El usuario admin cambió a la pestaña PARAMETRIZACIÓN.
may 06, 2019 11:19:22 AM controlador.Navegador cambiarVista
INFO: El usuario admin cambió a la pestaña APROVISIONAMIENTO.
may 06, 2019 11:20:22 AM controlador.Navegador cambiarVista
INFO: El usuario admin cambió a la pestaña PARAMETRIZACIÓN.
may 06, 2019 11:24:08 AM controlador.Navegador cambiarVista
INFO: El usuario admin cambió a la pestaña APROVISIONAMIENTO.
may 06, 2019 11:24:11 AM controlador.Navegador cambiarVista
INFO: El usuario admin cambió a la pestaña PROCESOS.
may 06, 2019 11:24:12 AM controlador.Navegador cambiarVista
INFO: El usuario admin cambió a la pestaña PARAMETRIZACIÓN.
may 06, 2019 11:24:13 AM controlador.Navegador cambiarVista
INFO: El usuario admin cambió a la pestaña Cuentas Contables.
may 06, 2019 11:24:15 AM controlador.Navegador cambiarVista
INFO: El usuario admin cambió a la pestaña Catálogo de Cuentas Contables.
may 06, 2019 11:24:15 AM controlador.parametrizacion.planes.PrincipalControlador btnCatalogoAction
INFO: El usuario admin cambió a la pestaña Catálogo de Cuentas Contables.
may 06, 2019 11:27:16 AM controlador.Navegador cambiarVista
INFO: El usuario admin cambió a la pestaña PARAMETRIZACIÓN.
may 06, 2019 11:27:44 AM controlador.Navegador cambiarVista
INFO: El usuario admin cambió a la pestaña Cuentas Contables.
may 06, 2019 11:27:47 AM controlador.Navegador cambiarVista
INFO: El usuario admin cambió a la pestaña PARAMETRIZACIÓN.
may 06, 2019 11:29:05 AM controlador.Navegador cambiarVista
INFO: El usuario admin cambió a la pestaña Cuentas Contables.
may 06, 2019 11:29:07 AM controlador.Navegador cambiarVista
INFO: El usuario admin cambió a la pestaña Catálogo de Cuentas Contables.
may 06, 2019 11:29:07 AM controlador.parametrizacion.planes.PrincipalControlador btnCatalogoAction
INFO: El usuario admin cambió a la pestaña Catálogo de Cuentas Contables.
may 06, 2019 11:29:10 AM controlador.Navegador cambiarVista
INFO: El usuario admin cambió a la pestaña Cuentas Contables.
may 06, 2019 11:29:11 AM controlador.Navegador cambiarVista
INFO: El usuario admin cambió a la pestaña Asociar Cuentas Contables a un periodo.
may 06, 2019 11:29:11 AM controlador.parametrizacion.planes.PrincipalControlador btnAsignacionAction
INFO: El usuario admin cambió a la pestaña Asociación al periodo de Cuentas Contables.
may 06, 2019 11:29:27 AM controlador.Navegador cambiarVista
INFO: El usuario admin cambió a la pestaña Cuentas Contables.
may 06, 2019 11:29:31 AM controlador.Navegador cambiarVista
INFO: El usuario admin cambió a la pestaña Catálogo de Cuentas Contables.
may 06, 2019 11:29:31 AM controlador.parametrizacion.planes.PrincipalControlador btnCatalogoAction
INFO: El usuario admin cambió a la pestaña Catálogo de Cuentas Contables.
may 06, 2019 11:29:36 AM controlador.Navegador cambiarVista
INFO: El usuario admin cambió a la pestaña Cuentas Contables.
may 06, 2019 11:29:40 AM controlador.Navegador cambiarVista
INFO: El usuario admin cambió a la pestaña Asociar Cuentas Contables a un periodo.
may 06, 2019 11:29:40 AM controlador.parametrizacion.planes.PrincipalControlador btnAsignacionAction
INFO: El usuario admin cambió a la pestaña Asociación al periodo de Cuentas Contables.
may 06, 2019 11:30:01 AM controlador.Navegador cambiarVista
INFO: El usuario admin cambió a la pestaña APROVISIONAMIENTO.
may 06, 2019 11:30:03 AM controlador.Navegador cambiarVista
INFO: El usuario admin cambió a la pestaña Drivers - Centros.
may 06, 2019 11:30:14 AM controlador.Navegador cambiarVista
INFO: El usuario admin cambió a la pestaña Crear Driver - Centro.
may 06, 2019 11:30:16 AM controlador.Navegador cambiarVista
INFO: El usuario admin cambió a la pestaña Drivers - Centros.
may 06, 2019 11:30:29 AM controlador.Navegador cambiarVista
INFO: El usuario admin cambió a la pestaña PARAMETRIZACIÓN.
may 06, 2019 11:30:29 AM controlador.Navegador cambiarVista
INFO: El usuario admin cambió a la pestaña Cuentas Contables.
may 06, 2019 11:30:33 AM controlador.Navegador cambiarVista
INFO: El usuario admin cambió a la pestaña Catálogo de Cuentas Contables.
may 06, 2019 11:30:33 AM controlador.parametrizacion.planes.PrincipalControlador btnCatalogoAction
INFO: El usuario admin cambió a la pestaña Catálogo de Cuentas Contables.
may 06, 2019 11:31:03 AM controlador.Navegador cambiarVista
INFO: El usuario admin cambió a la pestaña Cuentas Contables.
may 06, 2019 11:31:05 AM controlador.Navegador cambiarVista
INFO: El usuario admin cambió a la pestaña Asociar Cuentas Contables a un periodo.
may 06, 2019 11:31:05 AM controlador.parametrizacion.planes.PrincipalControlador btnAsignacionAction
INFO: El usuario admin cambió a la pestaña Asociación al periodo de Cuentas Contables.
may 06, 2019 11:31:23 AM controlador.Navegador cambiarVista
INFO: El usuario admin cambió a la pestaña PARAMETRIZACIÓN.
may 06, 2019 11:31:27 AM controlador.Navegador cambiarVista
INFO: El usuario admin cambió a la pestaña Cuentas Contables.
may 06, 2019 11:31:31 AM controlador.Navegador cambiarVista
INFO: El usuario admin cambió a la pestaña Catálogo de Cuentas Contables.
may 06, 2019 11:31:31 AM controlador.parametrizacion.planes.PrincipalControlador btnCatalogoAction
INFO: El usuario admin cambió a la pestaña Catálogo de Cuentas Contables.
may 06, 2019 11:31:45 AM controlador.Navegador cambiarVista
INFO: El usuario admin cambió a la pestaña Cuentas Contables.
may 06, 2019 11:31:46 AM controlador.Navegador cambiarVista
INFO: El usuario admin cambió a la pestaña Asociar Cuentas Contables a un periodo.
may 06, 2019 11:31:46 AM controlador.parametrizacion.planes.PrincipalControlador btnAsignacionAction
INFO: El usuario admin cambió a la pestaña Asociación al periodo de Cuentas Contables.
may 06, 2019 11:32:23 AM controlador.Navegador cambiarVista
INFO: El usuario admin cambió a la pestaña Cuentas Contables.
may 06, 2019 11:32:33 AM controlador.Navegador cambiarVista
INFO: El usuario admin cambió a la pestaña Catálogo de Cuentas Contables.
may 06, 2019 11:32:33 AM controlador.parametrizacion.planes.PrincipalControlador btnCatalogoAction
INFO: El usuario admin cambió a la pestaña Catálogo de Cuentas Contables.
may 06, 2019 11:32:38 AM controlador.Navegador cambiarVista
INFO: El usuario admin cambió a la pestaña APROVISIONAMIENTO.
may 06, 2019 11:32:40 AM controlador.Navegador cambiarVista
INFO: El usuario admin cambió a la pestaña Drivers - Centros.
may 06, 2019 11:33:36 AM controlador.Navegador cambiarVista
INFO: El usuario admin cambió a la pestaña PARAMETRIZACIÓN.
may 06, 2019 11:33:41 AM controlador.Navegador cambiarVista
INFO: El usuario admin cambió a la pestaña Cuentas Contables.
may 06, 2019 11:33:51 AM controlador.Navegador cambiarVista
INFO: El usuario admin cambió a la pestaña Catálogo de Cuentas Contables.
may 06, 2019 11:33:51 AM controlador.parametrizacion.planes.PrincipalControlador btnCatalogoAction
INFO: El usuario admin cambió a la pestaña Catálogo de Cuentas Contables.
may 06, 2019 11:34:41 AM controlador.Navegador cambiarVista
INFO: El usuario admin cambió a la pestaña Cuentas Contables.
may 06, 2019 11:34:43 AM controlador.Navegador cambiarVista
INFO: El usuario admin cambió a la pestaña Catálogo de Cuentas Contables.
may 06, 2019 11:34:43 AM controlador.parametrizacion.planes.PrincipalControlador btnCatalogoAction
INFO: El usuario admin cambió a la pestaña Catálogo de Cuentas Contables.
may 06, 2019 11:34:46 AM controlador.Navegador cambiarVista
INFO: El usuario admin cambió a la pestaña Crear Cuenta Contable.
may 06, 2019 11:34:47 AM controlador.Navegador cambiarVista
INFO: El usuario admin cambió a la pestaña Catálogo de Cuentas Contables.
may 06, 2019 11:34:49 AM controlador.Navegador cambiarVista
INFO: El usuario admin cambió a la pestaña Editar Cuenta Contable.
may 06, 2019 11:34:50 AM controlador.Navegador cambiarVista
INFO: El usuario admin cambió a la pestaña Catálogo de Cuentas Contables.
may 06, 2019 11:34:54 AM controlador.Navegador cambiarVista
INFO: El usuario admin cambió a la pestaña Cuentas Contables.
may 06, 2019 11:34:57 AM controlador.Navegador cambiarVista
INFO: El usuario admin cambió a la pestaña Catálogo de Cuentas Contables.
may 06, 2019 11:34:57 AM controlador.parametrizacion.planes.PrincipalControlador btnCatalogoAction
INFO: El usuario admin cambió a la pestaña Catálogo de Cuentas Contables.
may 06, 2019 11:35:32 AM controlador.Navegador cambiarVista
INFO: El usuario admin cambió a la pestaña Cargar Cuentas Contables.
may 06, 2019 11:35:52 AM controlador.Navegador cambiarVista
INFO: El usuario admin cambió a la pestaña Catálogo de Cuentas Contables.
may 06, 2019 11:44:09 AM controlador.Navegador cambiarVista
INFO: El usuario admin cambió a la pestaña Crear Cuenta Contable.
may 06, 2019 11:46:46 AM controlador.Navegador cambiarVista
INFO: El usuario admin cambió a la pestaña INICIO.
may 06, 2019 11:46:49 AM controlador.Navegador cambiarVista
INFO: El usuario admin cambió a la pestaña PARAMETRIZACIÓN.
may 06, 2019 11:46:50 AM controlador.Navegador cambiarVista
INFO: El usuario admin cambió a la pestaña Cuentas Contables.
may 06, 2019 11:46:51 AM controlador.Navegador cambiarVista
INFO: El usuario admin cambió a la pestaña Catálogo de Cuentas Contables.
may 06, 2019 11:46:51 AM controlador.parametrizacion.planes.PrincipalControlador btnCatalogoAction
INFO: El usuario admin cambió a la pestaña Catálogo de Cuentas Contables.
may 06, 2019 11:46:56 AM controlador.Navegador cambiarVista
INFO: El usuario admin cambió a la pestaña INICIO.
may 06, 2019 11:46:59 AM controlador.Navegador cambiarVista
INFO: El usuario admin cambió a la pestaña PARAMETRIZACIÓN.
may 06, 2019 11:50:11 AM controlador.Navegador cambiarVista
INFO: El usuario admin cambió a la pestaña Cuentas Contables.
may 06, 2019 11:50:12 AM controlador.Navegador cambiarVista
INFO: El usuario admin cambió a la pestaña Catálogo de Cuentas Contables.
may 06, 2019 11:50:12 AM controlador.parametrizacion.planes.PrincipalControlador btnCatalogoAction
INFO: El usuario admin cambió a la pestaña Catálogo de Cuentas Contables.
may 06, 2019 11:50:13 AM controlador.Navegador cambiarVista
INFO: El usuario admin cambió a la pestaña Crear Cuenta Contable.
may 06, 2019 11:50:14 AM controlador.Navegador cambiarVista
INFO: El usuario admin cambió a la pestaña Catálogo de Cuentas Contables.
may 06, 2019 11:51:08 AM controlador.Navegador cambiarVista
INFO: El usuario admin cambió a la pestaña PARAMETRIZACIÓN.
may 06, 2019 11:51:09 AM controlador.Navegador cambiarVista
INFO: El usuario admin cambió a la pestaña Cuentas Contables.
may 06, 2019 11:51:10 AM controlador.Navegador cambiarVista
INFO: El usuario admin cambió a la pestaña Asociar Cuentas Contables a un periodo.
may 06, 2019 11:51:10 AM controlador.parametrizacion.planes.PrincipalControlador btnAsignacionAction
INFO: El usuario admin cambió a la pestaña Asociación al periodo de Cuentas Contables.
may 06, 2019 12:01:17 PM controlador.Navegador cambiarVista
INFO: El usuario admin cambió a la pestaña PARAMETRIZACIÓN.
may 06, 2019 12:02:07 PM controlador.Navegador cambiarVista
INFO: El usuario admin cambió a la pestaña Cuentas Contables.
may 06, 2019 12:02:08 PM controlador.Navegador cambiarVista
INFO: El usuario admin cambió a la pestaña Asociar Cuentas Contables a un periodo.
may 06, 2019 12:02:08 PM controlador.parametrizacion.planes.PrincipalControlador btnAsignacionAction
INFO: El usuario admin cambió a la pestaña Asociación al periodo de Cuentas Contables.
may 06, 2019 12:02:31 PM controlador.Navegador cambiarVista
INFO: El usuario admin cambió a la pestaña PARAMETRIZACIÓN.
may 06, 2019 12:02:53 PM controlador.Navegador cambiarVista
INFO: El usuario admin cambió a la pestaña PROCESOS.
may 06, 2019 12:18:34 PM controlador.Navegador cambiarVista
INFO: El usuario admin cambió a la pestaña REPORTING.
may 06, 2019 12:18:52 PM controlador.Navegador cambiarVista
INFO: El usuario admin cambió a la pestaña PARAMETRIZACIÓN.
may 06, 2019 12:18:53 PM controlador.Navegador cambiarVista
INFO: El usuario admin cambió a la pestaña PROCESOS.
